c:\users\mende\onedrive\bureaublad\game dev stuff\gameplay programming\gpp_exam\researchtopic\source\x64\debug\gpp_framework.pch
c:\users\mende\onedrive\bureaublad\game dev stuff\gameplay programming\gpp_exam\researchtopic\source\x64\debug\vc143.pdb
c:\users\mende\onedrive\bureaublad\game dev stuff\gameplay programming\gpp_exam\researchtopic\source\x64\debug\vc143.idb
c:\users\mende\onedrive\bureaublad\game dev stuff\gameplay programming\gpp_exam\researchtopic\source\x64\debug\stdafx.obj
c:\users\mende\onedrive\bureaublad\game dev stuff\gameplay programming\gpp_exam\researchtopic\source\x64\debug\gl3w.obj
c:\users\mende\onedrive\bureaublad\game dev stuff\gameplay programming\gpp_exam\researchtopic\source\x64\debug\sdlwindow.obj
c:\users\mende\onedrive\bureaublad\game dev stuff\gameplay programming\gpp_exam\researchtopic\source\x64\debug\eimmediateui.obj
c:\users\mende\onedrive\bureaublad\game dev stuff\gameplay programming\gpp_exam\researchtopic\source\x64\debug\etimer_sdl.obj
c:\users\mende\onedrive\bureaublad\game dev stuff\gameplay programming\gpp_exam\researchtopic\source\x64\debug\sdlframe.obj
c:\users\mende\onedrive\bureaublad\game dev stuff\gameplay programming\gpp_exam\researchtopic\source\x64\debug\sdldebugrenderer2d.obj
c:\users\mende\onedrive\bureaublad\game dev stuff\gameplay programming\gpp_exam\researchtopic\source\x64\debug\ecamera2d.obj
c:\users\mende\onedrive\bureaublad\game dev stuff\gameplay programming\gpp_exam\researchtopic\source\x64\debug\ephysicsworldbox2d.obj
c:\users\mende\onedrive\bureaublad\game dev stuff\gameplay programming\gpp_exam\researchtopic\source\x64\debug\erigidbodybox2d.obj
c:\users\mende\onedrive\bureaublad\game dev stuff\gameplay programming\gpp_exam\researchtopic\source\x64\debug\ematrix2x3.obj
c:\users\mende\onedrive\bureaublad\game dev stuff\gameplay programming\gpp_exam\researchtopic\source\x64\debug\einputmanager.obj
c:\users\mende\onedrive\bureaublad\game dev stuff\gameplay programming\gpp_exam\researchtopic\source\x64\debug\egeometry2dtypes.obj
c:\users\mende\onedrive\bureaublad\game dev stuff\gameplay programming\gpp_exam\researchtopic\source\x64\debug\enavgraph.obj
c:\users\mende\onedrive\bureaublad\game dev stuff\gameplay programming\gpp_exam\researchtopic\source\x64\debug\egraphrenderer.obj
c:\users\mende\onedrive\bureaublad\game dev stuff\gameplay programming\gpp_exam\researchtopic\source\x64\debug\egrapheditor.obj
c:\users\mende\onedrive\bureaublad\game dev stuff\gameplay programming\gpp_exam\researchtopic\source\x64\debug\egraphnodetypes.obj
c:\users\mende\onedrive\bureaublad\game dev stuff\gameplay programming\gpp_exam\researchtopic\source\x64\debug\egraphconnectiontypes.obj
c:\users\mende\onedrive\bureaublad\game dev stuff\gameplay programming\gpp_exam\researchtopic\source\x64\debug\efinitestatemachine.obj
c:\users\mende\onedrive\bureaublad\game dev stuff\gameplay programming\gpp_exam\researchtopic\source\x64\debug\ebehaviortree.obj
c:\users\mende\onedrive\bureaublad\game dev stuff\gameplay programming\gpp_exam\researchtopic\source\x64\debug\app_researchtopic.obj
c:\users\mende\onedrive\bureaublad\game dev stuff\gameplay programming\gpp_exam\researchtopic\source\x64\debug\navigationcolliderelement.obj
c:\users\mende\onedrive\bureaublad\game dev stuff\gameplay programming\gpp_exam\researchtopic\source\x64\debug\baseagent.obj
c:\users\mende\onedrive\bureaublad\game dev stuff\gameplay programming\gpp_exam\researchtopic\source\x64\debug\agariofood.obj
c:\users\mende\onedrive\bureaublad\game dev stuff\gameplay programming\gpp_exam\researchtopic\source\x64\debug\agariocontactlistener.obj
c:\users\mende\onedrive\bureaublad\game dev stuff\gameplay programming\gpp_exam\researchtopic\source\x64\debug\agarioagent.obj
c:\users\mende\onedrive\bureaublad\game dev stuff\gameplay programming\gpp_exam\researchtopic\source\x64\debug\steeringbehaviors.obj
c:\users\mende\onedrive\bureaublad\game dev stuff\gameplay programming\gpp_exam\researchtopic\source\x64\debug\steeringagent.obj
c:\users\mende\onedrive\bureaublad\game dev stuff\gameplay programming\gpp_exam\researchtopic\source\x64\debug\obstacle.obj
c:\users\mende\onedrive\bureaublad\game dev stuff\gameplay programming\gpp_exam\researchtopic\source\x64\debug\spacepartitioning.obj
c:\users\mende\onedrive\bureaublad\game dev stuff\gameplay programming\gpp_exam\researchtopic\source\x64\debug\flockingsteeringbehaviors.obj
c:\users\mende\onedrive\bureaublad\game dev stuff\gameplay programming\gpp_exam\researchtopic\source\x64\debug\flock.obj
c:\users\mende\onedrive\bureaublad\game dev stuff\gameplay programming\gpp_exam\researchtopic\source\x64\debug\combinedsteeringbehaviors.obj
c:\users\mende\onedrive\bureaublad\game dev stuff\gameplay programming\gpp_exam\researchtopic\source\x64\debug\sandboxagent.obj
c:\users\mende\onedrive\bureaublad\game dev stuff\gameplay programming\gpp_exam\researchtopic\source\x64\debug\main.obj
c:\users\mende\onedrive\bureaublad\game dev stuff\gameplay programming\gpp_exam\researchtopic\source\x64\debug\gpp_framework.pdb
c:\users\mende\onedrive\bureaublad\game dev stuff\gameplay programming\gpp_exam\researchtopic\source\x64\debug\gpp_framework.tlog\cl.command.1.tlog
c:\users\mende\onedrive\bureaublad\game dev stuff\gameplay programming\gpp_exam\researchtopic\source\x64\debug\gpp_framework.tlog\cl.read.1.tlog
c:\users\mende\onedrive\bureaublad\game dev stuff\gameplay programming\gpp_exam\researchtopic\source\x64\debug\gpp_framework.tlog\cl.write.1.tlog
c:\users\mende\onedrive\bureaublad\game dev stuff\gameplay programming\gpp_exam\researchtopic\source\x64\debug\gpp_framework.tlog\link-cvtres.read.1.tlog
c:\users\mende\onedrive\bureaublad\game dev stuff\gameplay programming\gpp_exam\researchtopic\source\x64\debug\gpp_framework.tlog\link-cvtres.write.1.tlog
c:\users\mende\onedrive\bureaublad\game dev stuff\gameplay programming\gpp_exam\researchtopic\source\x64\debug\gpp_framework.tlog\link-rc.read.1.tlog
c:\users\mende\onedrive\bureaublad\game dev stuff\gameplay programming\gpp_exam\researchtopic\source\x64\debug\gpp_framework.tlog\link-rc.write.1.tlog
c:\users\mende\onedrive\bureaublad\game dev stuff\gameplay programming\gpp_exam\researchtopic\source\x64\debug\gpp_framework.tlog\link.command.1.tlog
c:\users\mende\onedrive\bureaublad\game dev stuff\gameplay programming\gpp_exam\researchtopic\source\x64\debug\gpp_framework.tlog\link.read.1.tlog
c:\users\mende\onedrive\bureaublad\game dev stuff\gameplay programming\gpp_exam\researchtopic\source\x64\debug\gpp_framework.tlog\link.read.2.tlog
c:\users\mende\onedrive\bureaublad\game dev stuff\gameplay programming\gpp_exam\researchtopic\source\x64\debug\gpp_framework.tlog\link.write.1.tlog
